[2018-06-05 11:24:01] - add_double_license----start
[2018-06-05 11:24:11] - 添加双人授权成功---------测试通过
[2018-06-05 11:24:11] - add_double_license----end

[2018-06-05 11:24:15] - same_termina_approvel----start
[2018-06-05 11:24:29] - 同终端发送双人审批成功---------测试通过
[2018-06-05 11:24:52] - 双人授权已拒绝申请，不可以进行单点登录---------测试通过
[2018-06-05 11:24:54] - same_termina_approvel----end

[2018-06-05 11:24:59] - Expired_approvel----start
[2018-06-05 11:25:12] - 用户xx发送双人审批成功---------测试通过
[2018-06-05 11:25:37] - 双人审批申请人已下线审批过期---------测试通过
[2018-06-05 11:25:45] - Expired_approvel----end

[2018-06-05 11:25:50] - deny_double_approvel----start
[2018-06-05 11:26:03] - 用户xx发送双人审批成功---------测试通过
[2018-06-05 11:27:21] - 双人授权已拒绝申请，不可以进行单点登录---------测试通过
[2018-06-05 11:27:23] - deny_double_approvel----end

[2018-06-05 11:27:32] - agree_double_approvel----start
[2018-06-05 11:27:45] - 用户xx发送双人审批成功---------测试通过
[2018-06-05 11:28:54] - 双人授权已拒绝申请，不可以进行单点登录---------测试通过
[2018-06-05 11:28:57] - agree_double_approvel----end

[2018-06-05 11:28:57] - double_query_process_task----start
[2018-06-05 11:29:18] - 流程任务查询待办流程---------测试通过
[2018-06-05 11:29:34] - 流程任务查询已办流程---------测试通过
[2018-06-05 11:29:34] - double_query_process_task----end

[2018-06-05 11:29:34] - double_query_personal_history----start
[2018-06-05 11:29:48] - 个人历史查询未通过流程---------测试通过
[2018-06-05 11:30:03] - 个人历史查询已通过流程---------测试通过
[2018-06-05 11:30:05] - double_query_personal_history----end

[2018-06-05 11:30:11] - double_query_apply_history----start
[2018-06-05 11:30:26] - 申请历史查询未通过流程---------测试通过
[2018-06-05 11:30:40] - 申请历史查询已通过流程---------测试通过
[2018-06-05 11:30:40] - double_query_apply_history----end

[2018-06-05 11:30:49] - double_query_all_history----start
[2018-06-05 11:31:04] - 全部历史查询未通过流程---------测试通过
[2018-06-05 11:31:20] - 全部历史查询已通过流程---------测试通过
[2018-06-05 11:31:20] - double_query_all_history----end

[2018-06-05 11:31:26] - double_query_department_history----start
[2018-06-05 11:31:41] - 部门历史查询未通过流程---------测试通过
[2018-06-05 11:31:58] - 部门历史查询已通过流程---------测试通过
[2018-06-05 11:31:58] - double_query_department_history----end

